{"/home/renan/estudos/testeEstruturalTalk/TestExample/SortDeliverimen.js": {"path":"/home/renan/estudos/testeEstruturalTalk/TestExample/SortDeliverimen.js","statementMap":{"0":{"start":{"line":4,"column":4},"end":{"line":48,"column":5}},"1":{"start":{"line":5,"column":16},"end":{"line":13,"column":8}},"2":{"start":{"line":6,"column":8},"end":{"line":12,"column":9}},"3":{"start":{"line":7,"column":10},"end":{"line":7,"column":20}},"4":{"start":{"line":8,"column":15},"end":{"line":12,"column":9}},"5":{"start":{"line":9,"column":10},"end":{"line":9,"column":19}},"6":{"start":{"line":11,"column":10},"end":{"line":11,"column":19}},"7":{"start":{"line":15,"column":6},"end":{"line":15,"column":15}},"8":{"start":{"line":16,"column":11},"end":{"line":48,"column":5}},"9":{"start":{"line":17,"column":16},"end":{"line":25,"column":8}},"10":{"start":{"line":18,"column":8},"end":{"line":24,"column":9}},"11":{"start":{"line":19,"column":10},"end":{"line":19,"column":20}},"12":{"start":{"line":20,"column":15},"end":{"line":24,"column":9}},"13":{"start":{"line":21,"column":10},"end":{"line":21,"column":19}},"14":{"start":{"line":23,"column":10},"end":{"line":23,"column":19}},"15":{"start":{"line":27,"column":6},"end":{"line":27,"column":15}},"16":{"start":{"line":28,"column":11},"end":{"line":48,"column":5}},"17":{"start":{"line":29,"column":6},"end":{"line":37,"column":9}},"18":{"start":{"line":30,"column":8},"end":{"line":36,"column":9}},"19":{"start":{"line":31,"column":10},"end":{"line":31,"column":20}},"20":{"start":{"line":32,"column":15},"end":{"line":36,"column":9}},"21":{"start":{"line":33,"column":10},"end":{"line":33,"column":19}},"22":{"start":{"line":35,"column":10},"end":{"line":35,"column":19}},"23":{"start":{"line":38,"column":11},"end":{"line":48,"column":5}},"24":{"start":{"line":39,"column":6},"end":{"line":47,"column":9}},"25":{"start":{"line":40,"column":8},"end":{"line":46,"column":9}},"26":{"start":{"line":41,"column":10},"end":{"line":41,"column":20}},"27":{"start":{"line":42,"column":15},"end":{"line":46,"column":9}},"28":{"start":{"line":43,"column":10},"end":{"line":43,"column":19}},"29":{"start":{"line":45,"column":10},"end":{"line":45,"column":19}},"30":{"start":{"line":52,"column":0},"end":{"line":52,"column":33}}},"fnMap":{"0":{"name":"(anonymous_0)","decl":{"start":{"line":2,"column":2},"end":{"line":2,"column":3}},"loc":{"start":{"line":2,"column":35},"end":{"line":49,"column":3}},"line":2},"1":{"name":"(anonymous_1)","decl":{"start":{"line":5,"column":33},"end":{"line":5,"column":34}},"loc":{"start":{"line":5,"column":43},"end":{"line":13,"column":7}},"line":5},"2":{"name":"(anonymous_2)","decl":{"start":{"line":17,"column":33},"end":{"line":17,"column":34}},"loc":{"start":{"line":17,"column":43},"end":{"line":25,"column":7}},"line":17},"3":{"name":"(anonymous_3)","decl":{"start":{"line":29,"column":30},"end":{"line":29,"column":31}},"loc":{"start":{"line":29,"column":40},"end":{"line":37,"column":7}},"line":29},"4":{"name":"(anonymous_4)","decl":{"start":{"line":39,"column":30},"end":{"line":39,"column":31}},"loc":{"start":{"line":39,"column":40},"end":{"line":47,"column":7}},"line":39}},"branchMap":{"0":{"loc":{"start":{"line":4,"column":4},"end":{"line":48,"column":5}},"type":"if","locations":[{"start":{"line":4,"column":4},"end":{"line":48,"column":5}},{"start":{"line":16,"column":11},"end":{"line":48,"column":5}}],"line":4},"1":{"loc":{"start":{"line":4,"column":8},"end":{"line":4,"column":70}},"type":"binary-expr","locations":[{"start":{"line":4,"column":8},"end":{"line":4,"column":36}},{"start":{"line":4,"column":40},"end":{"line":4,"column":70}}],"line":4},"2":{"loc":{"start":{"line":6,"column":8},"end":{"line":12,"column":9}},"type":"if","locations":[{"start":{"line":6,"column":8},"end":{"line":12,"column":9}},{"start":{"line":8,"column":15},"end":{"line":12,"column":9}}],"line":6},"3":{"loc":{"start":{"line":8,"column":15},"end":{"line":12,"column":9}},"type":"if","locations":[{"start":{"line":8,"column":15},"end":{"line":12,"column":9}},{"start":{"line":10,"column":15},"end":{"line":12,"column":9}}],"line":8},"4":{"loc":{"start":{"line":16,"column":11},"end":{"line":48,"column":5}},"type":"if","locations":[{"start":{"line":16,"column":11},"end":{"line":48,"column":5}},{"start":{"line":28,"column":11},"end":{"line":48,"column":5}}],"line":16},"5":{"loc":{"start":{"line":18,"column":8},"end":{"line":24,"column":9}},"type":"if","locations":[{"start":{"line":18,"column":8},"end":{"line":24,"column":9}},{"start":{"line":20,"column":15},"end":{"line":24,"column":9}}],"line":18},"6":{"loc":{"start":{"line":20,"column":15},"end":{"line":24,"column":9}},"type":"if","locations":[{"start":{"line":20,"column":15},"end":{"line":24,"column":9}},{"start":{"line":22,"column":15},"end":{"line":24,"column":9}}],"line":20},"7":{"loc":{"start":{"line":28,"column":11},"end":{"line":48,"column":5}},"type":"if","locations":[{"start":{"line":28,"column":11},"end":{"line":48,"column":5}},{"start":{"line":38,"column":11},"end":{"line":48,"column":5}}],"line":28},"8":{"loc":{"start":{"line":30,"column":8},"end":{"line":36,"column":9}},"type":"if","locations":[{"start":{"line":30,"column":8},"end":{"line":36,"column":9}},{"start":{"line":32,"column":15},"end":{"line":36,"column":9}}],"line":30},"9":{"loc":{"start":{"line":32,"column":15},"end":{"line":36,"column":9}},"type":"if","locations":[{"start":{"line":32,"column":15},"end":{"line":36,"column":9}},{"start":{"line":34,"column":15},"end":{"line":36,"column":9}}],"line":32},"10":{"loc":{"start":{"line":38,"column":11},"end":{"line":48,"column":5}},"type":"if","locations":[{"start":{"line":38,"column":11},"end":{"line":48,"column":5}},{"start":{},"end":{}}],"line":38},"11":{"loc":{"start":{"line":40,"column":8},"end":{"line":46,"column":9}},"type":"if","locations":[{"start":{"line":40,"column":8},"end":{"line":46,"column":9}},{"start":{"line":42,"column":15},"end":{"line":46,"column":9}}],"line":40},"12":{"loc":{"start":{"line":42,"column":15},"end":{"line":46,"column":9}},"type":"if","locations":[{"start":{"line":42,"column":15},"end":{"line":46,"column":9}},{"start":{"line":44,"column":15},"end":{"line":46,"column":9}}],"line":42}},"s":{"0":4,"1":1,"2":6,"3":5,"4":1,"5":0,"6":1,"7":1,"8":3,"9":1,"10":6,"11":3,"12":3,"13":2,"14":1,"15":1,"16":2,"17":1,"18":6,"19":2,"20":4,"21":3,"22":1,"23":1,"24":1,"25":6,"26":3,"27":3,"28":0,"29":3,"30":1},"f":{"0":4,"1":6,"2":6,"3":6,"4":6},"b":{"0":[1,3],"1":[4,2],"2":[5,1],"3":[0,1],"4":[1,2],"5":[3,3],"6":[2,1],"7":[1,1],"8":[2,4],"9":[3,1],"10":[1,0],"11":[3,3],"12":[0,3]},"_coverageSchema":"1a1c01bbd47fc00a2c39e90264f33305004495a9","hash":"735d18249a6d7d54ea85f13b516108234080445d"}
}
